<?xml version="1.0" encoding="UTF-8"?>
<!-- Generated by org.testng.reporters.JUnitXMLReporter -->
<testsuite ignored="0" hostname="WIN-EMKH1NC1HHO" failures="0" tests="2" name="Default test" time="16.299" errors="0" timestamp="2020-12-22T14:33:03 EST">
  <testcase classname="com.SeleniumEasy.Test.SeleniumEasyHomePgTestCases" name="DemoHomeTest" time="0.854"/>
  <testcase classname="com.SeleniumEasy.Test.SeleniumEasyHomePgTestCases" name="SimpleForm" time="1.269"/>
</testsuite> <!-- Default test -->
