<?xml version="1.0" encoding="UTF-8"?>
<!-- Generated by org.testng.reporters.JUnitXMLReporter -->
<testsuite ignored="0" hostname="WIN-EMKH1NC1HHO" failures="0" tests="2" name="SeleniumEasy TestCases" time="20.728" errors="0" timestamp="2020-12-25T16:43:48 EST">
  <testcase classname="com.SeleniumEasy.Test.SeleniumEasyHomePgTestCases" name="DemoHomeTest" time="0.881"/>
  <testcase classname="com.SeleniumEasy.Test.SeleniumEasyHomePgTestCases" name="SimpleForm" time="1.393"/>
</testsuite> <!-- SeleniumEasy TestCases -->
