<?xml version="1.0" encoding="UTF-8"?>
<!-- Generated by org.testng.reporters.JUnitXMLReporter -->
<testsuite ignored="1" hostname="WIN-EMKH1NC1HHO" failures="0" tests="1" name="SeleniumEasy TestCases(failed)" time="8.82" errors="0" timestamp="2020-12-23T16:54:24 EST">
  <testcase classname="com.SeleniumEasy.Test.SeleniumEasyHomePgTestCases" name="SimpleForm" time="1.4"/>
  <testcase classname="com.SeleniumEasy.Test.SeleniumEasyHomePgTestCases" name="DemoHomeTest" time="0.0">
    <ignored/>
  </testcase> <!-- DemoHomeTest -->
</testsuite> <!-- SeleniumEasy TestCases(failed) -->
